<?xml version="1.0" encoding="UTF-8"?>
<testng-results ignored="0" total="1" passed="1" failed="0" skipped="0">
  <reporter-output>
  </reporter-output>
  <suite started-at="2026-09-11T18:03:57 IST" name="Default suite" finished-at="2026-09-11T18:04:15 IST" duration-ms="18159">
    <groups>
    </groups>
    <test started-at="2026-09-11T18:03:57 IST" name="Default test" finished-at="2026-09-11T18:04:15 IST" duration-ms="18159">
      <class name="www.redbus.in.ttt">
        <test-method is-config="true" signature="beforeClass()[pri:0, instance:www.redbus.in.ttt@669513d8]" started-at="2026-09-11T18:03:57 IST" name="beforeClass" finished-at="2026-09-11T18:04:00 IST" duration-ms="2919" status="PASS">
          <reporter-output>
          </reporter-output>
        </test-method> <!-- beforeClass -->
        <test-method is-config="true" signature="beforeMethod()[pri:0, instance:www.redbus.in.ttt@669513d8]" started-at="2026-09-11T18:04:00 IST" name="beforeMethod" finished-at="2026-09-11T18:04:00 IST" duration-ms="50" status="PASS">
          <reporter-output>
          </reporter-output>
        </test-method> <!-- beforeMethod -->
        <test-method signature="f()[pri:0, instance:www.redbus.in.ttt@669513d8]" started-at="2026-09-11T18:04:00 IST" name="f" finished-at="2026-09-11T18:04:14 IST" duration-ms="14851" status="PASS">
          <reporter-output>
          </reporter-output>
        </test-method> <!-- f -->
        <test-method is-config="true" signature="afterMethod()[pri:0, instance:www.redbus.in.ttt@669513d8]" started-at="2026-09-11T18:04:14 IST" name="afterMethod" finished-at="2026-09-11T18:04:14 IST" duration-ms="0" status="PASS">
          <reporter-output>
          </reporter-output>
        </test-method> <!-- afterMethod -->
        <test-method is-config="true" signature="afterClass()[pri:0, instance:www.redbus.in.ttt@669513d8]" started-at="2026-09-11T18:04:15 IST" name="afterClass" finished-at="2026-09-11T18:04:15 IST" duration-ms="207" status="PASS">
          <reporter-output>
          </reporter-output>
        </test-method> <!-- afterClass -->
      </class> <!-- www.redbus.in.ttt -->
    </test> <!-- Default test -->
  </suite> <!-- Default suite -->
</testng-results>
